<?xml version="1.0" encoding="UTF-8"?>
<!-- Generated by org.testng.reporters.JUnitReportReporter -->
<testsuite hostname="DESKTOP-CBOK5H9" failures="0" tests="1" name="com.testrunner.secondsteprunner" time="0.195" errors="0" timestamp="05 Apr 2022 14:40:56 GMT" skipped="0">
  <testcase classname="com.testrunner.secondsteprunner" name="runScenario" time="0.195"/>
</testsuite> <!-- com.testrunner.secondsteprunner -->
