<?xml version="1.0" encoding="UTF-8"?>
<!-- Generated by org.testng.reporters.JUnitReportReporter -->
<testsuite hostname="DESKTOP-CBOK5H9" failures="0" tests="1" name="com.testrunner.secondtestrunner" time="0.314" errors="0" timestamp="05 Apr 2022 17:00:23 GMT" skipped="0">
  <testcase classname="com.testrunner.secondtestrunner" name="runScenario" time="0.314"/>
</testsuite> <!-- com.testrunner.secondtestrunner -->
