<?xml version="1.0" encoding="UTF-8"?>
<!-- Generated by org.testng.reporters.JUnitReportReporter -->
<testsuite hostname="DESKTOP-CBOK5H9" failures="0" tests="1" name="com.practice.CrossBrowserTesting" time="0.017" errors="0" timestamp="12 Apr 2022 15:21:37 GMT" skipped="0">
  <testcase classname="com.practice.CrossBrowserTesting" name="actualTest" time="0.017"/>
</testsuite> <!-- com.practice.CrossBrowserTesting -->
