<?xml version="1.0" encoding="UTF-8"?>
<!-- Generated by org.testng.reporters.JUnitReportReporter -->
<testsuite hostname="DESKTOP-CBOK5H9" failures="0" tests="1" name="com.testrunner.TestRunner" time="12.667" errors="0" timestamp="27 Mar 2022 15:20:51 GMT" skipped="0">
  <testcase classname="com.testrunner.TestRunner" name="runScenario" time="12.667"/>
</testsuite> <!-- com.testrunner.TestRunner -->
